Removed Pin From Net: NetName=GND Pin=C21-1
Removed Pin From Net: NetName=GND Pin=C22-1
Removed Pin From Net: NetName=GND Pin=C24-1
Removed Pin From Net: NetName=GND Pin=C26-1
Removed Pin From Net: NetName=GND Pin=C29-2
Removed Pin From Net: NetName=GND Pin=C30-1
Removed Pin From Net: NetName=GND Pin=C31-1
Removed Pin From Net: NetName=GND Pin=CN8-2
Removed Pin From Net: NetName=GND Pin=CN9-2
Removed Pin From Net: NetName=GND Pin=CN9-3
Removed Pin From Net: NetName=GND Pin=D5-1
Removed Pin From Net: NetName=GND Pin=D7-2
Removed Pin From Net: NetName=GND Pin=NT1-1
Removed Pin From Net: NetName=GND Pin=NT2-1
Removed Pin From Net: NetName=GND Pin=Q2-3
Removed Pin From Net: NetName=GND Pin=Q5-3
Removed Pin From Net: NetName=GND Pin=Q6-3
Removed Pin From Net: NetName=GND Pin=R35-1
Removed Pin From Net: NetName=GND Pin=R36-1
Removed Pin From Net: NetName=GND Pin=R37-1
Removed Pin From Net: NetName=GND Pin=TP38-1
Removed Pin From Net: NetName=GND Pin=U7-9
Removed Pin From Net: NetName=GND Pin=U8-4
Removed Pin From Net: NetName=GND Pin=U9-4
Removed Pin From Net: NetName=GND Pin=U10-4
Removed Pin From Net: NetName=GND Pin=U11-10
Removed Pin From Net: NetName=GND Pin=U11-11
Removed Pin From Net: NetName=GND Pin=U11-12
Removed Pin From Net: NetName=GND Pin=U12-13
Added Pin To Net: NetName=PGND Pin=C21-1
Added Pin To Net: NetName=PGND Pin=C22-1
Added Pin To Net: NetName=PGND Pin=C24-1
Added Pin To Net: NetName=PGND Pin=C26-1
Added Pin To Net: NetName=PGND Pin=C29-2
Added Pin To Net: NetName=PGND Pin=C30-1
Added Pin To Net: NetName=PGND Pin=C31-1
Added Pin To Net: NetName=PGND Pin=CN8-2
Added Pin To Net: NetName=PGND Pin=CN9-2
Added Pin To Net: NetName=PGND Pin=CN9-3
Added Pin To Net: NetName=PGND Pin=D5-1
Added Pin To Net: NetName=PGND Pin=D7-2
Added Pin To Net: NetName=PGND Pin=NT1-1
Added Pin To Net: NetName=PGND Pin=NT2-1
Added Pin To Net: NetName=PGND Pin=Q2-3
Added Pin To Net: NetName=PGND Pin=Q5-3
Added Pin To Net: NetName=PGND Pin=Q6-3
Added Pin To Net: NetName=PGND Pin=R35-1
Added Pin To Net: NetName=PGND Pin=R36-1
Added Pin To Net: NetName=PGND Pin=R37-1
Added Pin To Net: NetName=PGND Pin=TP38-1
Added Pin To Net: NetName=PGND Pin=U7-9
Added Pin To Net: NetName=PGND Pin=U8-4
Added Pin To Net: NetName=PGND Pin=U9-4
Added Pin To Net: NetName=PGND Pin=U10-4
Added Pin To Net: NetName=PGND Pin=U11-10
Added Pin To Net: NetName=PGND Pin=U11-11
Added Pin To Net: NetName=PGND Pin=U11-12
Added Pin To Net: NetName=PGND Pin=U12-13
Added Net: Name=PGND
Added Rule: Name=Schematic Supply Nets_6
