Removed Pin From Net: NetName=GND Pin=NT2-2
Removed Member From Class: ClassName=Fuente y reguladores de Voltaje Member=NT1
Removed Member From Class: ClassName=Fuente y reguladores de Voltaje Member=NT2
Change Component Description : Designator=F1 Old Description=Fuse New Description=Fuse | Quick Acting
Added Pin To Net: NetName=GND Pin=C21-1
Added Pin To Net: NetName=GND Pin=C22-1
Added Pin To Net: NetName=GND Pin=C24-1
Added Pin To Net: NetName=GND Pin=C26-1
Added Pin To Net: NetName=GND Pin=C29-2
Added Pin To Net: NetName=GND Pin=C30-1
Added Pin To Net: NetName=GND Pin=C31-1
Added Pin To Net: NetName=GND Pin=CN8-2
Added Pin To Net: NetName=GND Pin=CN9-2
Added Pin To Net: NetName=GND Pin=CN9-3
Added Pin To Net: NetName=GND Pin=D5-1
Added Pin To Net: NetName=GND Pin=D7-2
Added Pin To Net: NetName=GND Pin=Q2-3
Added Pin To Net: NetName=GND Pin=Q5-3
Added Pin To Net: NetName=GND Pin=Q6-3
Added Pin To Net: NetName=GND Pin=R35-1
Added Pin To Net: NetName=GND Pin=R36-1
Added Pin To Net: NetName=GND Pin=R37-1
Added Pin To Net: NetName=GND Pin=R42-1
Added Pin To Net: NetName=GND Pin=R43-1
Added Pin To Net: NetName=GND Pin=TP38-1
Added Pin To Net: NetName=GND Pin=TP49-1
Added Pin To Net: NetName=GND Pin=U7-9
Added Pin To Net: NetName=GND Pin=U8-4
Added Pin To Net: NetName=GND Pin=U9-4
Added Pin To Net: NetName=GND Pin=U10-4
Added Pin To Net: NetName=GND Pin=U11-10
Added Pin To Net: NetName=GND Pin=U11-11
Added Pin To Net: NetName=GND Pin=U11-12
Added Pin To Net: NetName=GND Pin=U12-8
Added Pin To Net: NetName=GND Pin=U12-13
Change Net Name : Old Net Name=GND New Net Name=AGND
