Added Component: Designator=C1(C_0805)
Added Component: Designator=C2(C_0805)
Added Component: Designator=C3(C_0805)
Added Component: Designator=C4(C_0805)
Added Component: Designator=C5(C_0805)
Added Component: Designator=C6(C_0805)
Added Component: Designator=C7(C_0805)
Added Component: Designator=C8(C_0805)
Added Component: Designator=C9(C_0805)
Added Component: Designator=C10(C_0805)
Added Component: Designator=C12(C_0805)
Added Component: Designator=C13(C_1206)
Added Component: Designator=C14(C_0805)
Added Component: Designator=C15(C_0805)
Added Component: Designator=C16(C_0805)
Added Component: Designator=C17(C_0805)
Added Component: Designator=C18(C_0805)
Added Component: Designator=C19(C_0805)
Added Component: Designator=C20(C_0805)
Added Component: Designator=C21(C_0805)
Added Component: Designator=C22(C_0805)
Added Component: Designator=C23(C_0805)
Added Component: Designator=C24(C_0805)
Added Component: Designator=C25(C_0805)
Added Component: Designator=C26(C_0805)
Added Component: Designator=C27(C_0805)
Added Component: Designator=C28(C_0805)
Added Component: Designator=C29(C_0805)
Added Component: Designator=C30(C_TANT_2917)
Added Component: Designator=C31(C_1206)
Added Component: Designator=C32(C_0805)
Added Component: Designator=C33(C_0805)
Added Component: Designator=C34(C_0805)
Added Component: Designator=C35(C_0805)
Added Component: Designator=C36(C_0805)
Added Component: Designator=C37(C_0805)
Added Component: Designator=C38(C_0805)
Added Component: Designator=C39(C_0805)
Added Component: Designator=C40(C_0805)
Added Component: Designator=CN1(Header_M_1x5_2mm)
Added Component: Designator=CN2(HEADER_M_2X5_2.54MM)
Added Component: Designator=CN3(HEADER_M_1X3_2.5MM)
Added Component: Designator=CN4(HEADER_1X2_2.5MM)
Added Component: Designator=CN5(HEADER_1X2_2.5MM)
Added Component: Designator=CN6(HEADER_M_1X4_2.5MM)
Added Component: Designator=CN7(CONN_BRUSHLESS)
Added Component: Designator=CN8(CONN_BAT)
Added Component: Designator=CN9(PJ002B)
Added Component: Designator=D1(D_SMA)
Added Component: Designator=D2(D_SMA)
Added Component: Designator=D3(D_SMA)
Added Component: Designator=D4(TO252_1)
Added Component: Designator=D5(D_SMB)
Added Component: Designator=D6(TO252_1)
Added Component: Designator=D7(LED_0805)
Added Component: Designator=D8(LED_0805)
Added Component: Designator=D9(LED_0805)
Added Component: Designator=D10(LED_0805)
Added Component: Designator=F1(F_1206)
Add component (AddParameter): Name = "Availability"; Value = "Unavailable"; VariantName = "[No Variations]"
Add component (AddParameter): Name = "Check_prices"; Value = "https://www.snapeda.com/parts/0679L1000-05/Bel+Fuse/view-part/?ref=eda"; VariantName = "[No Variations]"
Add component (AddParameter): Name = "MF"; Value = "Bel Fuse"; VariantName = "[No Variations]"
Add component (AddParameter): Name = "MP"; Value = "0679L1000-05"; VariantName = "[No Variations]"
Add component (AddParameter): Name = "Package"; Value = "SMD-2"; VariantName = "[No Variations]"
Add component (AddParameter): Name = "Price"; Value = "None"; VariantName = "[No Variations]"
Add component (AddParameter): Name = "SnapEDA_Link"; Value = "https://www.snapeda.com/parts/0679L1000-05/Bel+Fuse/view-part/?ref=snap"; VariantName = "[No Variations]"
Add component (AddParameter): Name = "Value"; Value = ""; VariantName = "[No Variations]"
Added Component: Designator=JP1(Header_M_1x2_0.1")
Added Component: Designator=JP2(Header_M_1x2_0.1")
Added Component: Designator=JP3(Header_M_1x3_0.1")
Added Component: Designator=L1(IND_PA4342.822NLT)
Added Component: Designator=L2(IND_LQH5BPN150MT0L)
Added Component: Designator=Q1(TO263-3)
Added Component: Designator=Q2(TO263-3)
Added Component: Designator=Q3(TO263-3)
Added Component: Designator=Q4(TO263-3)
Added Component: Designator=Q5(TO263-3)
Added Component: Designator=Q6(TO263-3)
Added Component: Designator=R1(R_0805)
Added Component: Designator=R2(R_0805)
Added Component: Designator=R3(R_0805)
Added Component: Designator=R4(R_0805)
Added Component: Designator=R5(R_0805)
Added Component: Designator=R6(R_0805)
Added Component: Designator=R7(R_0805)
Added Component: Designator=R8(R_0805)
Added Component: Designator=R9(R_0805)
Added Component: Designator=R10(R_0805)
Added Component: Designator=R11(R_0805)
Added Component: Designator=R12(R_0805)
Added Component: Designator=R13(R_0805)
Added Component: Designator=R14(R_0805)
Added Component: Designator=R15(R_0805)
Added Component: Designator=R16(R_0805)
Added Component: Designator=R17(R_0805)
Added Component: Designator=R18(R_0805)
Added Component: Designator=R19(R_0805)
Added Component: Designator=R20(R_0805)
Added Component: Designator=R21(R_0805)
Added Component: Designator=R22(R_0805)
Added Component: Designator=R23(R_0805)
Added Component: Designator=R24(R_0805)
Added Component: Designator=R25(R_0805)
Added Component: Designator=R26(R_0805)
Added Component: Designator=R27(R_0805)
Added Component: Designator=R28(R_0805)
Added Component: Designator=R29(R_0805)
Added Component: Designator=R30(R_0805)
Added Component: Designator=R31(R_0805)
Added Component: Designator=R32(R_0805)
Added Component: Designator=R33(R_0805)
Added Component: Designator=R34(R_0805)
Added Component: Designator=R35(R_0805)
Added Component: Designator=R36(R_0805)
Added Component: Designator=R37(R_0805)
Added Component: Designator=R38(R_0805)
Added Component: Designator=R39(R_0805)
Added Component: Designator=R40(R_0805)
Added Component: Designator=R41(R_0805)
Added Component: Designator=R42(R_0805)
Added Component: Designator=R43(R_0805)
Added Component: Designator=R44(R_0805)
Added Component: Designator=R45(R_0805)
Added Component: Designator=R46(R_0805)
Added Component: Designator=R47(R_0805)
Added Component: Designator=R48(R_1210)
Added Component: Designator=R49(R_1210)
Added Component: Designator=R50(R_0805)
Added Component: Designator=TP1(TEST_POINT)
Added Component: Designator=TP2(TEST_POINT)
Added Component: Designator=TP3(TEST_POINT)
Added Component: Designator=TP4(TEST_POINT)
Added Component: Designator=TP5(TEST_POINT)
Added Component: Designator=TP6(TEST_POINT)
Added Component: Designator=TP7(TEST_POINT)
Added Component: Designator=TP8(TEST_POINT)
Added Component: Designator=TP9(TEST_POINT)
Added Component: Designator=TP10(TEST_POINT)
Added Component: Designator=TP11(TEST_POINT)
Added Component: Designator=TP12(TEST_POINT)
Added Component: Designator=TP13(TEST_POINT)
Added Component: Designator=TP14(TEST_POINT)
Added Component: Designator=TP15(TEST_POINT)
Added Component: Designator=TP16(TEST_POINT)
Added Component: Designator=TP17(TEST_POINT)
Added Component: Designator=TP18(TEST_POINT)
Added Component: Designator=TP19(TEST_POINT)
Added Component: Designator=TP20(TEST_POINT)
Added Component: Designator=TP21(TEST_POINT)
Added Component: Designator=TP22(TEST_POINT)
Added Component: Designator=TP23(TEST_POINT)
Added Component: Designator=TP24(TEST_POINT)
Added Component: Designator=TP25(TEST_POINT)
Added Component: Designator=TP26(TEST_POINT)
Added Component: Designator=TP27(TEST_POINT)
Added Component: Designator=TP28(TEST_POINT)
Added Component: Designator=TP29(TEST_POINT)
Added Component: Designator=TP30(TEST_POINT)
Added Component: Designator=TP31(TEST_POINT)
Added Component: Designator=TP32(TEST_POINT)
Added Component: Designator=TP33(TEST_POINT)
Added Component: Designator=TP34(TEST_POINT)
Added Component: Designator=TP35(TEST_POINT)
Added Component: Designator=TP36(TEST_POINT)
Added Component: Designator=TP37(TEST_POINT)
Added Component: Designator=TP38(TEST_POINT)
Added Component: Designator=TP39(TEST_POINT)
Added Component: Designator=TP40(TEST_POINT)
Added Component: Designator=TP41(TEST_POINT)
Added Component: Designator=TP42(TEST_POINT)
Added Component: Designator=TP43(TEST_POINT)
Added Component: Designator=TP44(TEST_POINT)
Added Component: Designator=TP45(TEST_POINT)
Added Component: Designator=TP46(TEST_POINT)
Added Component: Designator=TP47(TEST_POINT)
Added Component: Designator=TP48(TEST_POINT)
Added Component: Designator=TP49(TEST_POINT)
Added Component: Designator=TP50(TEST_POINT)
Added Component: Designator=U1(STM32F401T6)
Add Component: Footprint Not Found PQFN50P200X200X100-12N
Added Component: Designator=U3(IC_SO8)
Added Component: Designator=U4(IC_SO8)
Added Component: Designator=U5(IC_SO8)
Added Component: Designator=U6(ESP8684-MINI)
Added Component: Designator=U7(IC_SSOP16)
Added Component: Designator=U8(IC_8SOIC)
Added Component: Designator=U9(IC_8SOIC)
Added Component: Designator=U10(IC_8SOIC)
Added Component: Designator=U11(SOIC14)
Added Component: Designator=U12(LMR51460FSQDRRRQ1)
Added Component: Designator=U13(SC 70-5)
Added Component: Designator=U14(SOT23-6)
Added Component: Designator=U15(SOT-223)
Added Component: Designator=X1(XTAL_4N_ECS-80-10)
Added Pin To Net: NetName=+1V8 Pin=C36-1
Added Pin To Net: NetName=+1V8 Pin=R44-2
Added Pin To Net: NetName=+1V8 Pin=U4-5
Added Pin To Net: NetName=+1V8 Pin=U5-5
Added Pin To Net: NetName=+1V8 Pin=U13-5
Added Net: Name=+1V8
Added Pin To Net: NetName=+3V3 Pin=C1-2
Added Pin To Net: NetName=+3V3 Pin=C3-2
Added Pin To Net: NetName=+3V3 Pin=C4-1
Added Pin To Net: NetName=+3V3 Pin=C5-1
Added Pin To Net: NetName=+3V3 Pin=C6-2
Added Pin To Net: NetName=+3V3 Pin=C9-2
Added Pin To Net: NetName=+3V3 Pin=C12-1
Added Pin To Net: NetName=+3V3 Pin=C13-1
Added Pin To Net: NetName=+3V3 Pin=C14-1
Added Pin To Net: NetName=+3V3 Pin=C18-1
Added Pin To Net: NetName=+3V3 Pin=C19-1
Added Pin To Net: NetName=+3V3 Pin=C40-1
Added Pin To Net: NetName=+3V3 Pin=CN1-1
Added Pin To Net: NetName=+3V3 Pin=CN2-3
Added Pin To Net: NetName=+3V3 Pin=R1-2
Added Pin To Net: NetName=+3V3 Pin=R2-2
Added Pin To Net: NetName=+3V3 Pin=R21-2
Added Pin To Net: NetName=+3V3 Pin=R22-1
Added Pin To Net: NetName=+3V3 Pin=R50-2
Added Pin To Net: NetName=+3V3 Pin=U1-1
Added Pin To Net: NetName=+3V3 Pin=U1-13
Added Pin To Net: NetName=+3V3 Pin=U1-19
Added Pin To Net: NetName=+3V3 Pin=U1-32
Added Pin To Net: NetName=+3V3 Pin=U1-48
Added Pin To Net: NetName=+3V3 Pin=U1-64
Added Pin To Net: NetName=+3V3 Pin=U6-3
Added Pin To Net: NetName=+3V3 Pin=U15-2
Added Pin To Net: NetName=+3V3 Pin=U15-2
Added Net: Name=+3V3
Added Pin To Net: NetName=+5V Pin=C15-1
Added Pin To Net: NetName=+5V Pin=C16-1
Added Pin To Net: NetName=+5V Pin=C17-1
Added Pin To Net: NetName=+5V Pin=C21-2
Added Pin To Net: NetName=+5V Pin=C35-1
Added Pin To Net: NetName=+5V Pin=C37-1
Added Pin To Net: NetName=+5V Pin=C39-1
Added Pin To Net: NetName=+5V Pin=CN2-1
Added Pin To Net: NetName=+5V Pin=L2-2
Added Pin To Net: NetName=+5V Pin=R45-2
Added Pin To Net: NetName=+5V Pin=R46-2
Added Pin To Net: NetName=+5V Pin=U3-8
Added Pin To Net: NetName=+5V Pin=U4-8
Added Pin To Net: NetName=+5V Pin=U5-8
Added Pin To Net: NetName=+5V Pin=U7-1
Added Pin To Net: NetName=+5V Pin=U11-3
Added Pin To Net: NetName=+5V Pin=U13-1
Added Pin To Net: NetName=+5V Pin=U13-3
Added Pin To Net: NetName=+5V Pin=U15-3
Added Net: Name=+5V
Added Pin To Net: NetName=+8V4 Pin=C30-1
Added Pin To Net: NetName=+8V4 Pin=C38-1
Added Pin To Net: NetName=+8V4 Pin=CN3-1
Added Pin To Net: NetName=+8V4 Pin=L1-2
Added Pin To Net: NetName=+8V4 Pin=R38-2
Added Pin To Net: NetName=+8V4 Pin=R39-2
Added Pin To Net: NetName=+8V4 Pin=R40-2
Added Pin To Net: NetName=+8V4 Pin=U14-4
Added Pin To Net: NetName=+8V4 Pin=U14-5
Added Net: Name=+8V4
Added Pin To Net: NetName=AGND Pin=C1-1
Added Pin To Net: NetName=AGND Pin=C2-2
Added Pin To Net: NetName=AGND Pin=C3-1
Added Pin To Net: NetName=AGND Pin=C6-1
Added Pin To Net: NetName=AGND Pin=C7-2
Added Pin To Net: NetName=AGND Pin=C8-2
Added Pin To Net: NetName=AGND Pin=C9-1
Added Pin To Net: NetName=AGND Pin=C10-1
Added Pin To Net: NetName=AGND Pin=C12-2
Added Pin To Net: NetName=AGND Pin=C13-2
Added Pin To Net: NetName=AGND Pin=C14-2
Added Pin To Net: NetName=AGND Pin=C15-2
Added Pin To Net: NetName=AGND Pin=C16-2
Added Pin To Net: NetName=AGND Pin=C17-2
Added Pin To Net: NetName=AGND Pin=C18-2
Added Pin To Net: NetName=AGND Pin=C19-2
Added Pin To Net: NetName=AGND Pin=C20-2
Added Pin To Net: NetName=AGND Pin=C21-1
Added Pin To Net: NetName=AGND Pin=C22-1
Added Pin To Net: NetName=AGND Pin=C23-1
Added Pin To Net: NetName=AGND Pin=C25-1
Added Pin To Net: NetName=AGND Pin=C27-1
Added Pin To Net: NetName=AGND Pin=C30-2
Added Pin To Net: NetName=AGND Pin=C31-1
Added Pin To Net: NetName=AGND Pin=C32-1
Added Pin To Net: NetName=AGND Pin=C35-2
Added Pin To Net: NetName=AGND Pin=C36-2
Added Pin To Net: NetName=AGND Pin=C37-2
Added Pin To Net: NetName=AGND Pin=C38-2
Added Pin To Net: NetName=AGND Pin=C39-2
Added Pin To Net: NetName=AGND Pin=C40-2
Added Pin To Net: NetName=AGND Pin=CN1-5
Added Pin To Net: NetName=AGND Pin=CN2-2
Added Pin To Net: NetName=AGND Pin=CN2-4
Added Pin To Net: NetName=AGND Pin=CN3-3
Added Pin To Net: NetName=AGND Pin=CN4-2
Added Pin To Net: NetName=AGND Pin=CN5-2
Added Pin To Net: NetName=AGND Pin=CN8-2
Added Pin To Net: NetName=AGND Pin=CN9-2
Added Pin To Net: NetName=AGND Pin=CN9-3
Added Pin To Net: NetName=AGND Pin=D5-1
Added Pin To Net: NetName=AGND Pin=JP1-2
Added Pin To Net: NetName=AGND Pin=Q2-3
Added Pin To Net: NetName=AGND Pin=Q5-3
Added Pin To Net: NetName=AGND Pin=Q6-3
Added Pin To Net: NetName=AGND Pin=R3-1
Added Pin To Net: NetName=AGND Pin=R4-1
Added Pin To Net: NetName=AGND Pin=R16-1
Added Pin To Net: NetName=AGND Pin=R18-2
Added Pin To Net: NetName=AGND Pin=R19-1
Added Pin To Net: NetName=AGND Pin=R20-1
Added Pin To Net: NetName=AGND Pin=R35-1
Added Pin To Net: NetName=AGND Pin=R36-1
Added Pin To Net: NetName=AGND Pin=R37-1
Added Pin To Net: NetName=AGND Pin=R42-1
Added Pin To Net: NetName=AGND Pin=R43-1
Added Pin To Net: NetName=AGND Pin=R47-2
Added Pin To Net: NetName=AGND Pin=R49-2
Added Pin To Net: NetName=AGND Pin=U1-18
Added Pin To Net: NetName=AGND Pin=U1-31
Added Pin To Net: NetName=AGND Pin=U1-47
Added Pin To Net: NetName=AGND Pin=U1-63
Added Pin To Net: NetName=AGND Pin=U3-4
Added Pin To Net: NetName=AGND Pin=U4-4
Added Pin To Net: NetName=AGND Pin=U5-4
Added Pin To Net: NetName=AGND Pin=U6-1
Added Pin To Net: NetName=AGND Pin=U6-2
Added Pin To Net: NetName=AGND Pin=U6-11
Added Pin To Net: NetName=AGND Pin=U6-36
Added Pin To Net: NetName=AGND Pin=U6-37
Added Pin To Net: NetName=AGND Pin=U6-38
Added Pin To Net: NetName=AGND Pin=U6-39
Added Pin To Net: NetName=AGND Pin=U6-40
Added Pin To Net: NetName=AGND Pin=U6-41
Added Pin To Net: NetName=AGND Pin=U6-42
Added Pin To Net: NetName=AGND Pin=U6-43
Added Pin To Net: NetName=AGND Pin=U6-44
Added Pin To Net: NetName=AGND Pin=U6-45
Added Pin To Net: NetName=AGND Pin=U6-46
Added Pin To Net: NetName=AGND Pin=U6-47
Added Pin To Net: NetName=AGND Pin=U6-48
Added Pin To Net: NetName=AGND Pin=U6-49
Added Pin To Net: NetName=AGND Pin=U6-49
Added Pin To Net: NetName=AGND Pin=U6-49
Added Pin To Net: NetName=AGND Pin=U6-49
Added Pin To Net: NetName=AGND Pin=U6-49
Added Pin To Net: NetName=AGND Pin=U6-49
Added Pin To Net: NetName=AGND Pin=U6-49
Added Pin To Net: NetName=AGND Pin=U6-49
Added Pin To Net: NetName=AGND Pin=U6-49
Added Pin To Net: NetName=AGND Pin=U6-50
Added Pin To Net: NetName=AGND Pin=U6-51
Added Pin To Net: NetName=AGND Pin=U6-52
Added Pin To Net: NetName=AGND Pin=U6-53
Added Pin To Net: NetName=AGND Pin=U7-8
Added Pin To Net: NetName=AGND Pin=U7-9
Added Pin To Net: NetName=AGND Pin=U8-4
Added Pin To Net: NetName=AGND Pin=U9-4
Added Pin To Net: NetName=AGND Pin=U10-4
Added Pin To Net: NetName=AGND Pin=U11-10
Added Pin To Net: NetName=AGND Pin=U11-11
Added Pin To Net: NetName=AGND Pin=U11-12
Added Pin To Net: NetName=AGND Pin=U12-8
Added Pin To Net: NetName=AGND Pin=U12-13
Added Pin To Net: NetName=AGND Pin=U13-2
Added Pin To Net: NetName=AGND Pin=U14-2
Added Pin To Net: NetName=AGND Pin=U15-1
Added Pin To Net: NetName=AGND Pin=X1-2
Added Pin To Net: NetName=AGND Pin=X1-4
Added Net: Name=AGND
Added Pin To Net: NetName=BEMF_A Pin=R29-2
Added Pin To Net: NetName=BEMF_A Pin=R30-1
Added Pin To Net: NetName=BEMF_A Pin=R37-2
Added Pin To Net: NetName=BEMF_A Pin=U11-7
Added Net: Name=BEMF_A
Added Pin To Net: NetName=BEMF_B Pin=R31-1
Added Pin To Net: NetName=BEMF_B Pin=R32-2
Added Pin To Net: NetName=BEMF_B Pin=R36-2
Added Pin To Net: NetName=BEMF_B Pin=U11-5
Added Net: Name=BEMF_B
Added Pin To Net: NetName=BEMF_C Pin=R33-1
Added Pin To Net: NetName=BEMF_C Pin=R34-2
Added Pin To Net: NetName=BEMF_C Pin=R35-2
Added Pin To Net: NetName=BEMF_C Pin=U11-9
Added Net: Name=BEMF_C
Added Pin To Net: NetName=BOOT0 Pin=R4-2
Added Pin To Net: NetName=BOOT0 Pin=U1-60
Added Net: Name=BOOT0
Added Pin To Net: NetName=CH1 Pin=CN2-9
Added Pin To Net: NetName=CH1 Pin=U1-10
Added Net: Name=CH1
Added Pin To Net: NetName=CH2 Pin=CN2-7
Added Pin To Net: NetName=CH2 Pin=U1-11
Added Net: Name=CH2
Added Pin To Net: NetName=CH3 Pin=CN2-5
Added Pin To Net: NetName=CH3 Pin=U1-24
Added Net: Name=CH3
Added Pin To Net: NetName=CH4 Pin=CN2-10
Added Pin To Net: NetName=CH4 Pin=U1-25
Added Net: Name=CH4
Added Pin To Net: NetName=CH5 Pin=CN2-8
Added Pin To Net: NetName=CH5 Pin=U1-37
Added Net: Name=CH5
Added Pin To Net: NetName=CH6 Pin=CN2-6
Added Pin To Net: NetName=CH6 Pin=U1-38
Added Net: Name=CH6
Added Pin To Net: NetName=IN_S1 Pin=CN4-1
Added Pin To Net: NetName=IN_S1 Pin=R19-2
Added Pin To Net: NetName=IN_S1 Pin=U3-2
Added Net: Name=IN_S1
Added Pin To Net: NetName=IN_S2 Pin=CN5-1
Added Pin To Net: NetName=IN_S2 Pin=R20-2
Added Pin To Net: NetName=IN_S2 Pin=U4-2
Added Net: Name=IN_S2
Added Pin To Net: NetName=IO0 Pin=U1-16
Added Pin To Net: NetName=IO0 Pin=U6-12
Added Net: Name=IO0
Added Pin To Net: NetName=IO1 Pin=U1-17
Added Pin To Net: NetName=IO1 Pin=U6-13
Added Net: Name=IO1
Added Pin To Net: NetName=IO2 Pin=U6-5
Added Net: Name=IO2
Added Pin To Net: NetName=IO3 Pin=U6-6
Added Net: Name=IO3
Added Pin To Net: NetName=IO10 Pin=U6-16
Added Net: Name=IO10
Added Pin To Net: NetName=NetC4_2 Pin=C4-2
Added Pin To Net: NetName=NetC4_2 Pin=C5-2
Added Pin To Net: NetName=NetC4_2 Pin=U1-12
Added Net: Name=NetC4_2
Added Pin To Net: NetName=NetC7_1 Pin=C7-1
Added Pin To Net: NetName=NetC7_1 Pin=U1-5
Added Pin To Net: NetName=NetC7_1 Pin=X1-1
Added Net: Name=NetC7_1
Added Pin To Net: NetName=NetC8_1 Pin=C8-1
Added Pin To Net: NetName=NetC8_1 Pin=U1-6
Added Pin To Net: NetName=NetC8_1 Pin=X1-3
Added Net: Name=NetC8_1
Added Pin To Net: NetName=NetC10_2 Pin=C10-2
Added Pin To Net: NetName=NetC10_2 Pin=U1-30
Added Net: Name=NetC10_2
Added Pin To Net: NetName=NetC20_1 Pin=C20-1
Added Pin To Net: NetName=NetC20_1 Pin=R21-1
Added Pin To Net: NetName=NetC20_1 Pin=U6-8
Added Net: Name=NetC20_1
Added Pin To Net: NetName=NetC24_1 Pin=C24-1
Added Pin To Net: NetName=NetC24_1 Pin=D1-2
Added Pin To Net: NetName=NetC24_1 Pin=U8-8
Added Net: Name=NetC24_1
Added Pin To Net: NetName=NetC26_1 Pin=C26-1
Added Pin To Net: NetName=NetC26_1 Pin=D2-2
Added Pin To Net: NetName=NetC26_1 Pin=U9-8
Added Net: Name=NetC26_1
Added Pin To Net: NetName=NetC28_1 Pin=C28-1
Added Pin To Net: NetName=NetC28_1 Pin=D3-2
Added Pin To Net: NetName=NetC28_1 Pin=U10-8
Added Net: Name=NetC28_1
Added Pin To Net: NetName=NetC29_1 Pin=C29-1
Added Pin To Net: NetName=NetC29_1 Pin=U12-4
Added Net: Name=NetC29_1
Added Pin To Net: NetName=NetC29_2 Pin=C29-2
Added Pin To Net: NetName=NetC29_2 Pin=L1-1
Added Pin To Net: NetName=NetC29_2 Pin=U12-1
Added Pin To Net: NetName=NetC29_2 Pin=U12-2
Added Pin To Net: NetName=NetC29_2 Pin=U12-3
Added Net: Name=NetC29_2
Added Pin To Net: NetName=NetC33_1 Pin=C33-1
Added Pin To Net: NetName=NetC33_1 Pin=JP3-2
Added Pin To Net: NetName=NetC33_1 Pin=R38-1
Added Pin To Net: NetName=NetC33_1 Pin=U12-7
Added Net: Name=NetC33_1
Added Pin To Net: NetName=NetC33_2 Pin=C33-2
Added Pin To Net: NetName=NetC33_2 Pin=R40-1
Added Net: Name=NetC33_2
Added Pin To Net: NetName=NetC34_1 Pin=C34-1
Added Pin To Net: NetName=NetC34_1 Pin=U14-1
Added Net: Name=NetC34_1
Added Pin To Net: NetName=NetC34_2 Pin=C34-2
Added Pin To Net: NetName=NetC34_2 Pin=L2-1
Added Pin To Net: NetName=NetC34_2 Pin=U14-6
Added Net: Name=NetC34_2
Added Pin To Net: NetName=NetCN3_2 Pin=CN3-2
Added Pin To Net: NetName=NetCN3_2 Pin=U1-39
Added Net: Name=NetCN3_2
Added Pin To Net: NetName=NetCN8_1 Pin=CN8-1
Added Pin To Net: NetName=NetCN8_1 Pin=D4-1
Added Net: Name=NetCN8_1
Added Pin To Net: NetName=NetCN9_1 Pin=CN9-1
Added Pin To Net: NetName=NetCN9_1 Pin=D6-1
Added Net: Name=NetCN9_1
Added Pin To Net: NetName=NetD4_2 Pin=D4-2
Added Pin To Net: NetName=NetD4_2 Pin=D6-2
Added Pin To Net: NetName=NetD4_2 Pin=F1-1
Added Net: Name=NetD4_2
Added Pin To Net: NetName=NetD7_1 Pin=R39-1
Added Net: Name=NetD7_1
Added Pin To Net: NetName=NetD8_1 Pin=R44-1
Added Net: Name=NetD8_1
Added Pin To Net: NetName=NetD9_1 Pin=R46-1
Added Net: Name=NetD9_1
Added Pin To Net: NetName=NetD10_1 Pin=R50-1
Added Net: Name=NetD10_1
Added Pin To Net: NetName=NetJP1_1 Pin=JP1-1
Added Pin To Net: NetName=NetJP1_1 Pin=U6-23
Added Net: Name=NetJP1_1
Added Pin To Net: NetName=NetJP2_1 Pin=JP2-1
Added Pin To Net: NetName=NetJP2_1 Pin=R41-1
Added Net: Name=NetJP2_1
Added Pin To Net: NetName=NetJP2_2 Pin=JP2-2
Added Pin To Net: NetName=NetJP2_2 Pin=U12-6
Added Net: Name=NetJP2_2
Added Pin To Net: NetName=NetJP3_1 Pin=JP3-1
Added Pin To Net: NetName=NetJP3_1 Pin=R43-2
Added Net: Name=NetJP3_1
Added Pin To Net: NetName=NetJP3_3 Pin=JP3-3
Added Pin To Net: NetName=NetJP3_3 Pin=R42-2
Added Net: Name=NetJP3_3
Added Pin To Net: NetName=NetQ1_1 Pin=Q1-1
Added Pin To Net: NetName=NetQ1_1 Pin=R23-2
Added Net: Name=NetQ1_1
Added Pin To Net: NetName=NetQ2_1 Pin=Q2-1
Added Pin To Net: NetName=NetQ2_1 Pin=R24-2
Added Net: Name=NetQ2_1
Added Pin To Net: NetName=NetQ3_1 Pin=Q3-1
Added Pin To Net: NetName=NetQ3_1 Pin=R25-2
Added Net: Name=NetQ3_1
Added Pin To Net: NetName=NetQ4_1 Pin=Q4-1
Added Pin To Net: NetName=NetQ4_1 Pin=R26-2
Added Net: Name=NetQ4_1
Added Pin To Net: NetName=NetQ5_1 Pin=Q5-1
Added Pin To Net: NetName=NetQ5_1 Pin=R27-2
Added Net: Name=NetQ5_1
Added Pin To Net: NetName=NetQ6_1 Pin=Q6-1
Added Pin To Net: NetName=NetQ6_1 Pin=R28-2
Added Net: Name=NetQ6_1
Added Pin To Net: NetName=NetR5_1 Pin=R5-1
Added Pin To Net: NetName=NetR5_1 Pin=R6-2
Added Pin To Net: NetName=NetR5_1 Pin=U5-2
Added Net: Name=NetR5_1
Added Pin To Net: NetName=NetR5_2 Pin=R5-2
Added Pin To Net: NetName=NetR5_2 Pin=R9-2
Added Pin To Net: NetName=NetR5_2 Pin=U3-1
Added Net: Name=NetR5_2
Added Pin To Net: NetName=NetR6_1 Pin=R6-1
Added Pin To Net: NetName=NetR6_1 Pin=U1-8
Added Pin To Net: NetName=NetR6_1 Pin=U5-1
Added Net: Name=NetR6_1
Added Pin To Net: NetName=NetR7_1 Pin=R7-1
Added Pin To Net: NetName=NetR7_1 Pin=R10-1
Added Pin To Net: NetName=NetR7_1 Pin=U4-1
Added Net: Name=NetR7_1
Added Pin To Net: NetName=NetR7_2 Pin=R7-2
Added Pin To Net: NetName=NetR7_2 Pin=R8-1
Added Pin To Net: NetName=NetR7_2 Pin=U3-6
Added Net: Name=NetR7_2
Added Pin To Net: NetName=NetR8_2 Pin=R8-2
Added Pin To Net: NetName=NetR8_2 Pin=U1-9
Added Pin To Net: NetName=NetR8_2 Pin=U3-7
Added Net: Name=NetR8_2
Added Pin To Net: NetName=NetR9_1 Pin=R9-1
Added Pin To Net: NetName=NetR9_1 Pin=R11-2
Added Pin To Net: NetName=NetR9_1 Pin=U3-3
Added Net: Name=NetR9_1
Added Pin To Net: NetName=NetR10_2 Pin=R10-2
Added Pin To Net: NetName=NetR10_2 Pin=R12-1
Added Pin To Net: NetName=NetR10_2 Pin=U4-3
Added Net: Name=NetR10_2
Added Pin To Net: NetName=NetR11_1 Pin=R11-1
Added Pin To Net: NetName=NetR11_1 Pin=R13-2
Added Pin To Net: NetName=NetR11_1 Pin=U4-6
Added Net: Name=NetR11_1
Added Pin To Net: NetName=NetR12_2 Pin=R12-2
Added Pin To Net: NetName=NetR12_2 Pin=R14-1
Added Pin To Net: NetName=NetR12_2 Pin=U5-6
Added Net: Name=NetR12_2
Added Pin To Net: NetName=NetR13_1 Pin=R13-1
Added Pin To Net: NetName=NetR13_1 Pin=R15-2
Added Pin To Net: NetName=NetR13_1 Pin=U4-7
Added Net: Name=NetR13_1
Added Pin To Net: NetName=NetR14_2 Pin=R14-2
Added Pin To Net: NetName=NetR14_2 Pin=R17-1
Added Pin To Net: NetName=NetR14_2 Pin=U5-7
Added Net: Name=NetR14_2
Added Pin To Net: NetName=NetR15_1 Pin=R15-1
Added Pin To Net: NetName=NetR15_1 Pin=R16-2
Added Pin To Net: NetName=NetR15_1 Pin=U5-3
Added Net: Name=NetR15_1
Added Pin To Net: NetName=NetR17_2 Pin=R17-2
Added Pin To Net: NetName=NetR17_2 Pin=R18-1
Added Pin To Net: NetName=NetR17_2 Pin=U3-5
Added Net: Name=NetR17_2
Added Pin To Net: NetName=NetR22_2 Pin=R22-2
Added Pin To Net: NetName=NetR22_2 Pin=U6-22
Added Net: Name=NetR22_2
Added Pin To Net: NetName=NetR23_1 Pin=R23-1
Added Pin To Net: NetName=NetR23_1 Pin=U8-7
Added Net: Name=NetR23_1
Added Pin To Net: NetName=NetR24_1 Pin=R24-1
Added Pin To Net: NetName=NetR24_1 Pin=U8-5
Added Net: Name=NetR24_1
Added Pin To Net: NetName=NetR25_1 Pin=R25-1
Added Pin To Net: NetName=NetR25_1 Pin=U9-7
Added Net: Name=NetR25_1
Added Pin To Net: NetName=NetR26_1 Pin=R26-1
Added Pin To Net: NetName=NetR26_1 Pin=U10-7
Added Net: Name=NetR26_1
Added Pin To Net: NetName=NetR27_1 Pin=R27-1
Added Pin To Net: NetName=NetR27_1 Pin=U9-5
Added Net: Name=NetR27_1
Added Pin To Net: NetName=NetR28_1 Pin=R28-1
Added Pin To Net: NetName=NetR28_1 Pin=U10-5
Added Net: Name=NetR28_1
Added Pin To Net: NetName=NetR45_1 Pin=R45-1
Added Pin To Net: NetName=NetR45_1 Pin=R47-1
Added Pin To Net: NetName=NetR45_1 Pin=U14-3
Added Net: Name=NetR45_1
Added Pin To Net: NetName=NetR48_2 Pin=R48-2
Added Pin To Net: NetName=NetR48_2 Pin=R49-1
Added Pin To Net: NetName=NetR48_2 Pin=U1-26
Added Net: Name=NetR48_2
Added Pin To Net: NetName=NetTP11_1 Pin=U1-61
Added Net: Name=NetTP11_1
Added Pin To Net: NetName=NetTP12_1 Pin=U1-62
Added Net: Name=NetTP12_1
Added Pin To Net: NetName=NetTP24_1 Pin=U1-23
Added Pin To Net: NetName=NetTP24_1 Pin=U7-2
Added Net: Name=NetTP24_1
Added Pin To Net: NetName=NetTP25_1 Pin=U1-41
Added Pin To Net: NetName=NetTP25_1 Pin=U7-3
Added Net: Name=NetTP25_1
Added Pin To Net: NetName=NetTP27_1 Pin=U1-42
Added Pin To Net: NetName=NetTP27_1 Pin=U7-4
Added Net: Name=NetTP27_1
Added Pin To Net: NetName=NetTP28_1 Pin=U1-44
Added Pin To Net: NetName=NetTP28_1 Pin=U7-6
Added Net: Name=NetTP28_1
Added Pin To Net: NetName=NetTP29_1 Pin=U1-43
Added Pin To Net: NetName=NetTP29_1 Pin=U7-5
Added Net: Name=NetTP29_1
Added Pin To Net: NetName=NetTP30_1 Pin=U1-45
Added Pin To Net: NetName=NetTP30_1 Pin=U7-7
Added Net: Name=NetTP30_1
Added Pin To Net: NetName=NetTP37_1 Pin=U1-51
Added Pin To Net: NetName=NetTP37_1 Pin=U11-1
Added Net: Name=NetTP37_1
Added Pin To Net: NetName=NetTP40_1 Pin=U1-52
Added Pin To Net: NetName=NetTP40_1 Pin=U11-2
Added Net: Name=NetTP40_1
Added Pin To Net: NetName=NetTP41_1 Pin=U1-53
Added Pin To Net: NetName=NetTP41_1 Pin=U11-14
Added Net: Name=NetTP41_1
Added Pin To Net: NetName=NetU1_54 Pin=U1-54
Added Net: Name=NetU1_54
Added Pin To Net: NetName=NEUTRO Pin=R30-2
Added Pin To Net: NetName=NEUTRO Pin=R32-1
Added Pin To Net: NetName=NEUTRO Pin=R34-1
Added Pin To Net: NetName=NEUTRO Pin=U11-4
Added Pin To Net: NetName=NEUTRO Pin=U11-6
Added Pin To Net: NetName=NEUTRO Pin=U11-8
Added Net: Name=NEUTRO
Added Pin To Net: NetName=NRST Pin=C2-1
Added Pin To Net: NetName=NRST Pin=CN1-2
Added Pin To Net: NetName=NRST Pin=R2-1
Added Pin To Net: NetName=NRST Pin=U1-7
Added Net: Name=NRST
Added Pin To Net: NetName=PA_H Pin=U7-15
Added Pin To Net: NetName=PA_H Pin=U8-2
Added Net: Name=PA_H
Added Pin To Net: NetName=PA_L Pin=U7-14
Added Pin To Net: NetName=PA_L Pin=U8-3
Added Net: Name=PA_L
Added Pin To Net: NetName=PB_H Pin=U7-13
Added Pin To Net: NetName=PB_H Pin=U10-2
Added Net: Name=PB_H
Added Pin To Net: NetName=PB_L Pin=U7-12
Added Pin To Net: NetName=PB_L Pin=U10-3
Added Net: Name=PB_L
Added Pin To Net: NetName=PC_H Pin=U7-11
Added Pin To Net: NetName=PC_H Pin=U9-2
Added Net: Name=PC_H
Added Pin To Net: NetName=PC_L Pin=U7-10
Added Pin To Net: NetName=PC_L Pin=U9-3
Added Net: Name=PC_L
Added Pin To Net: NetName=PH_A Pin=C24-2
Added Pin To Net: NetName=PH_A Pin=CN7-1
Added Pin To Net: NetName=PH_A Pin=Q1-3
Added Pin To Net: NetName=PH_A Pin=Q2-2
Added Pin To Net: NetName=PH_A Pin=R29-1
Added Pin To Net: NetName=PH_A Pin=U8-6
Added Net: Name=PH_A
Added Pin To Net: NetName=PH_B Pin=C28-2
Added Pin To Net: NetName=PH_B Pin=CN7-2
Added Pin To Net: NetName=PH_B Pin=Q4-3
Added Pin To Net: NetName=PH_B Pin=Q6-2
Added Pin To Net: NetName=PH_B Pin=R31-2
Added Pin To Net: NetName=PH_B Pin=U10-6
Added Net: Name=PH_B
Added Pin To Net: NetName=PH_C Pin=C26-2
Added Pin To Net: NetName=PH_C Pin=CN7-3
Added Pin To Net: NetName=PH_C Pin=Q3-3
Added Pin To Net: NetName=PH_C Pin=Q5-2
Added Pin To Net: NetName=PH_C Pin=R33-2
Added Pin To Net: NetName=PH_C Pin=U9-6
Added Net: Name=PH_C
Added Pin To Net: NetName=RXD0 Pin=U1-58
Added Pin To Net: NetName=RXD0 Pin=U6-30
Added Net: Name=RXD0
Added Pin To Net: NetName=SWDIO Pin=CN1-3
Added Pin To Net: NetName=SWDIO Pin=R1-1
Added Pin To Net: NetName=SWDIO Pin=U1-46
Added Net: Name=SWDIO
Added Pin To Net: NetName=SWLCLK Pin=CN1-4
Added Pin To Net: NetName=SWLCLK Pin=R3-2
Added Pin To Net: NetName=SWLCLK Pin=U1-49
Added Net: Name=SWLCLK
Added Pin To Net: NetName=TCK Pin=CN6-3
Added Pin To Net: NetName=TCK Pin=U6-20
Added Net: Name=TCK
Added Pin To Net: NetName=TDI Pin=CN6-2
Added Pin To Net: NetName=TDI Pin=U6-19
Added Net: Name=TDI
Added Pin To Net: NetName=TDO Pin=CN6-4
Added Pin To Net: NetName=TDO Pin=U6-21
Added Net: Name=TDO
Added Pin To Net: NetName=TMS Pin=CN6-1
Added Pin To Net: NetName=TMS Pin=U6-18
Added Net: Name=TMS
Added Pin To Net: NetName=TXD0 Pin=U1-59
Added Pin To Net: NetName=TXD0 Pin=U6-31
Added Net: Name=TXD0
Added Pin To Net: NetName=VCC Pin=C22-2
Added Pin To Net: NetName=VCC Pin=C23-2
Added Pin To Net: NetName=VCC Pin=C25-2
Added Pin To Net: NetName=VCC Pin=C27-2
Added Pin To Net: NetName=VCC Pin=C31-2
Added Pin To Net: NetName=VCC Pin=C32-2
Added Pin To Net: NetName=VCC Pin=D1-1
Added Pin To Net: NetName=VCC Pin=D2-1
Added Pin To Net: NetName=VCC Pin=D3-1
Added Pin To Net: NetName=VCC Pin=D5-2
Added Pin To Net: NetName=VCC Pin=F1-2
Added Pin To Net: NetName=VCC Pin=Q1-2
Added Pin To Net: NetName=VCC Pin=Q3-2
Added Pin To Net: NetName=VCC Pin=Q4-2
Added Pin To Net: NetName=VCC Pin=R41-2
Added Pin To Net: NetName=VCC Pin=R48-1
Added Pin To Net: NetName=VCC Pin=U7-16
Added Pin To Net: NetName=VCC Pin=U8-1
Added Pin To Net: NetName=VCC Pin=U9-1
Added Pin To Net: NetName=VCC Pin=U10-1
Added Pin To Net: NetName=VCC Pin=U12-9
Added Pin To Net: NetName=VCC Pin=U12-10
Added Pin To Net: NetName=VCC Pin=U12-11
Added Pin To Net: NetName=VCC Pin=U12-12
Added Net: Name=VCC
Added Class: Name=Acelerómetro y Servomotor
Added Class: Name=Conectivad Bluetooth v5.0
Added Class: Name=CPU- Clock, JTAG y Power
Added Class: Name=CPU - Ports, Periféricos
Added Class: Name=Driver Motor Brushless
Added Class: Name=Fuente y reguladores de Voltaje
Added Class: Name=Medición de temperatura
Added Class: Name=Realimentación de control del motor Brushless
Added Rule: Name=Schematic Supply Nets
Added Rule: Name=Schematic Supply Nets_1
Added Rule: Name=Schematic Supply Nets_2
Added Rule: Name=Schematic Supply Nets_3
Added Rule: Name=Schematic Supply Nets_4
Added Rule: Name=Schematic Supply Nets_5
