Removed Pin From Net: NetName=IN_S1 Pin=CN4-1
Removed Pin From Net: NetName=GND Pin=CN4-2
Removed Pin From Net: NetName=IN_S2 Pin=CN5-1
Removed Pin From Net: NetName=GND Pin=CN5-2
Removed Pin From Net: NetName=GND Pin=D8-2
Removed Pin From Net: NetName=+1V8 Pin=R44-2
Removed Member From Class: ClassName=Medición de temperatura Member=CN4
Removed Member From Class: ClassName=Medición de temperatura Member=CN5
Removed Member From Class: ClassName=Fuente y reguladores de Voltaje Member=D8
Removed Member From Class: ClassName=Fuente y reguladores de Voltaje Member=R44
Change Component Comment : Designator=R19 Old Comment=2K7 1% New Comment=3K3 1%
Change Component Comment : Designator=R20 Old Comment=2K7 1% New Comment=3K3 1%
Change Component Comment : Designator=R50 Old Comment=130R 5% New Comment=68R 5%
Change Component Comment : Designator=R11 Old Comment=634K 1% New Comment=470K 1%
Change Component Comment : Designator=R12 Old Comment=634K 1% New Comment=470K 1%
Change Component Comment : Designator=R46 Old Comment=270 5% New Comment=150R 5%
Change Component Comment : Designator=U13 Old Comment=MIC5365-1.8YC5-TR New Comment=MIC5366-1.5YC5-TR
Added Component: Designator=RV1(R_0603)
Added Component: Designator=RV2(R_0603)
Added Pin To Net: NetName=GND Pin=RV1-1
Added Pin To Net: NetName=IN_S1 Pin=RV1-2
Added Pin To Net: NetName=GND Pin=RV2-1
Added Pin To Net: NetName=IN_S2 Pin=RV2-2
Change Net Name : Old Net Name=+1V8 New Net Name=+1V5
Added Member To Class: ClassName=Medición de temperatura Member=Component RV1 B57321V2103H060
Added Member To Class: ClassName=Medición de temperatura Member=Component RV2 B57321V2103H060
Added Rule: Name=Schematic Supply Nets_8
